app/build/intermediates/manifest_merge_blame_file/release/processReleaseMainManifest/manifest-merger-blame-release-report.txt
1<?xml version="1.0" encoding="utf-8"?>
2<manifest xmlns:android="http://schemas.android.com/apk/res/android"
3    package="com.argyads.demo"
4    android:versionCode="1"
5    android:versionName="1.0" >
6
7    <uses-sdk
8        android:minSdkVersion="24"
9        android:targetSdkVersion="34" />
10
11    <!-- Required so the device can access the internet. -->
12    <uses-permission android:name="android.permission.ACCESS_NETWORK_STATE" />
12-->[:android-sdk] AndroidManifest.xml:7:5-79
12-->[:android-sdk] AndroidManifest.xml:7:22-76
13    <uses-permission android:name="android.permission.ACCESS_WIFI_STATE" />
13-->[:android-sdk] AndroidManifest.xml:8:5-76
13-->[:android-sdk] AndroidManifest.xml:8:22-73
14    <uses-permission android:name="android.permission.INTERNET" /> <!-- AdManager Permissions -->
14-->[:android-sdk] AndroidManifest.xml:9:5-67
14-->[:android-sdk] AndroidManifest.xml:9:22-64
15    <uses-permission android:name="com.google.android.gms.permission.AD_ID" />
15-->[:android-sdk] AndroidManifest.xml:12:5-79
15-->[:android-sdk] AndroidManifest.xml:12:22-76
16    <uses-permission android:name="android.permission.ACCESS_ADSERVICES_AD_ID" />
16-->[com.google.android.gms:play-services-ads-lite:24.0.0] AndroidManifest.xml:27:5-82
16-->[com.google.android.gms:play-services-ads-lite:24.0.0] AndroidManifest.xml:27:22-79
17    <uses-permission android:name="android.permission.ACCESS_ADSERVICES_ATTRIBUTION" />
17-->[com.google.android.gms:play-services-ads-lite:24.0.0] AndroidManifest.xml:28:5-88
17-->[com.google.android.gms:play-services-ads-lite:24.0.0] AndroidManifest.xml:28:22-85
18    <uses-permission android:name="android.permission.ACCESS_ADSERVICES_TOPICS" /> <!-- Android package visibility setting -->
18-->[com.google.android.gms:play-services-ads-lite:24.0.0] AndroidManifest.xml:29:5-83
18-->[com.google.android.gms:play-services-ads-lite:24.0.0] AndroidManifest.xml:29:22-80
19    <queries>
19-->[com.google.android.gms:play-services-ads-lite:24.0.0] AndroidManifest.xml:35:5-68:15
20
21        <!-- For browser content -->
22        <intent>
22-->[com.google.android.gms:play-services-ads-lite:24.0.0] AndroidManifest.xml:38:9-44:18
23            <action android:name="android.intent.action.VIEW" />
23-->[com.google.android.gms:play-services-ads-lite:24.0.0] AndroidManifest.xml:39:13-65
23-->[com.google.android.gms:play-services-ads-lite:24.0.0] AndroidManifest.xml:39:21-62
24
25            <category android:name="android.intent.category.BROWSABLE" />
25-->[com.google.android.gms:play-services-ads-lite:24.0.0] AndroidManifest.xml:41:13-74
25-->[com.google.android.gms:play-services-ads-lite:24.0.0] AndroidManifest.xml:41:23-71
26
27            <data android:scheme="https" />
27-->[com.google.android.gms:play-services-ads-lite:24.0.0] AndroidManifest.xml:43:13-44
27-->[com.google.android.gms:play-services-ads-lite:24.0.0] AndroidManifest.xml:43:19-41
28        </intent>
29        <!-- End of browser content -->
30        <!-- For CustomTabsService -->
31        <intent>
31-->[com.google.android.gms:play-services-ads-lite:24.0.0] AndroidManifest.xml:47:9-49:18
32            <action android:name="android.support.customtabs.action.CustomTabsService" />
32-->[com.google.android.gms:play-services-ads-lite:24.0.0] AndroidManifest.xml:48:13-90
32-->[com.google.android.gms:play-services-ads-lite:24.0.0] AndroidManifest.xml:48:21-87
33        </intent>
34        <!-- End of CustomTabsService -->
35        <!-- For MRAID capabilities -->
36        <intent>
36-->[com.google.android.gms:play-services-ads-lite:24.0.0] AndroidManifest.xml:52:9-56:18
37            <action android:name="android.intent.action.INSERT" />
37-->[com.google.android.gms:play-services-ads-lite:24.0.0] AndroidManifest.xml:53:13-67
37-->[com.google.android.gms:play-services-ads-lite:24.0.0] AndroidManifest.xml:53:21-64
38
39            <data android:mimeType="vnd.android.cursor.dir/event" />
39-->[com.google.android.gms:play-services-ads-lite:24.0.0] AndroidManifest.xml:43:13-44
40        </intent>
41        <intent>
41-->[com.google.android.gms:play-services-ads-lite:24.0.0] AndroidManifest.xml:57:9-61:18
42            <action android:name="android.intent.action.VIEW" />
42-->[com.google.android.gms:play-services-ads-lite:24.0.0] AndroidManifest.xml:39:13-65
42-->[com.google.android.gms:play-services-ads-lite:24.0.0] AndroidManifest.xml:39:21-62
43
44            <data android:scheme="sms" />
44-->[com.google.android.gms:play-services-ads-lite:24.0.0] AndroidManifest.xml:43:13-44
44-->[com.google.android.gms:play-services-ads-lite:24.0.0] AndroidManifest.xml:43:19-41
45        </intent>
46        <intent>
46-->[com.google.android.gms:play-services-ads-lite:24.0.0] AndroidManifest.xml:62:9-66:18
47            <action android:name="android.intent.action.DIAL" />
47-->[com.google.android.gms:play-services-ads-lite:24.0.0] AndroidManifest.xml:63:13-65
47-->[com.google.android.gms:play-services-ads-lite:24.0.0] AndroidManifest.xml:63:21-62
48
49            <data android:path="tel:" />
49-->[com.google.android.gms:play-services-ads-lite:24.0.0] AndroidManifest.xml:43:13-44
50        </intent>
51        <!-- End of MRAID capabilities -->
52    </queries>
53
54    <uses-permission android:name="android.permission.WAKE_LOCK" />
54-->[com.google.android.gms:play-services-measurement-sdk-api:20.1.2] AndroidManifest.xml:25:5-68
54-->[com.google.android.gms:play-services-measurement-sdk-api:20.1.2] AndroidManifest.xml:25:22-65
55    <uses-permission android:name="android.permission.FOREGROUND_SERVICE" />
55-->[androidx.work:work-runtime:2.7.0] AndroidManifest.xml:28:5-77
55-->[androidx.work:work-runtime:2.7.0] AndroidManifest.xml:28:22-74
56
57    <permission
57-->[androidx.core:core:1.15.0] AndroidManifest.xml:22:5-24:47
58        android:name="com.argyads.demo.DYNAMIC_RECEIVER_NOT_EXPORTED_PERMISSION"
58-->[androidx.core:core:1.15.0] AndroidManifest.xml:23:9-81
59        android:protectionLevel="signature" />
59-->[androidx.core:core:1.15.0] AndroidManifest.xml:24:9-44
60
61    <uses-permission android:name="com.argyads.demo.DYNAMIC_RECEIVER_NOT_EXPORTED_PERMISSION" />
61-->[androidx.core:core:1.15.0] AndroidManifest.xml:26:5-97
61-->[androidx.core:core:1.15.0] AndroidManifest.xml:26:22-94
62
63    <application
63-->src\main\AndroidManifest.xml:5:5-31:19
64        android:allowBackup="true"
64-->src\main\AndroidManifest.xml:6:9-35
65        android:appComponentFactory="androidx.core.app.CoreComponentFactory"
65-->[androidx.core:core:1.15.0] AndroidManifest.xml:28:18-86
66        android:dataExtractionRules="@xml/data_extraction_rules"
66-->src\main\AndroidManifest.xml:7:9-65
67        android:extractNativeLibs="false"
68        android:fullBackupContent="@xml/backup_rules"
68-->src\main\AndroidManifest.xml:8:9-54
69        android:icon="@mipmap/ic_launcher"
69-->src\main\AndroidManifest.xml:9:9-43
70        android:label="@string/app_name"
70-->src\main\AndroidManifest.xml:10:9-41
71        android:roundIcon="@mipmap/ic_launcher_round"
71-->src\main\AndroidManifest.xml:11:9-54
72        android:supportsRtl="true"
72-->src\main\AndroidManifest.xml:12:9-35
73        android:theme="@style/Theme.ArgyAdsDemo" >
73-->src\main\AndroidManifest.xml:13:9-49
74        <activity
74-->src\main\AndroidManifest.xml:16:9-25:20
75            android:name="com.argyads.demo.MainActivity"
75-->src\main\AndroidManifest.xml:17:13-41
76            android:exported="true"
76-->src\main\AndroidManifest.xml:18:13-36
77            android:theme="@style/Theme.ArgyAdsDemo" >
77-->src\main\AndroidManifest.xml:19:13-53
78            <intent-filter>
78-->src\main\AndroidManifest.xml:20:13-24:29
79                <action android:name="android.intent.action.MAIN" />
79-->src\main\AndroidManifest.xml:21:17-69
79-->src\main\AndroidManifest.xml:21:25-66
80
81                <category android:name="android.intent.category.LAUNCHER" />
81-->src\main\AndroidManifest.xml:23:17-77
81-->src\main\AndroidManifest.xml:23:27-74
82            </intent-filter>
83        </activity>
84
85        <!-- Sample Ad Manager app ID: ca-app-pub-3940256099942544~3347511713 -->
86        <meta-data
86-->src\main\AndroidManifest.xml:28:9-30:69
87            android:name="com.google.android.gms.ads.APPLICATION_ID"
87-->src\main\AndroidManifest.xml:29:13-69
88            android:value="ca-app-pub-3940256099942544~3347511713" />
88-->src\main\AndroidManifest.xml:30:13-67
89        <!-- Include the AdActivity and InAppPurchaseActivity configChanges and themes. -->
90        <activity
90-->[com.google.android.gms:play-services-ads-lite:24.0.0] AndroidManifest.xml:73:9-78:43
91            android:name="com.google.android.gms.ads.AdActivity"
91-->[com.google.android.gms:play-services-ads-lite:24.0.0] AndroidManifest.xml:74:13-65
92            android:configChanges="keyboard|keyboardHidden|orientation|screenLayout|uiMode|screenSize|smallestScreenSize"
92-->[com.google.android.gms:play-services-ads-lite:24.0.0] AndroidManifest.xml:75:13-122
93            android:exported="false"
93-->[com.google.android.gms:play-services-ads-lite:24.0.0] AndroidManifest.xml:76:13-37
94            android:theme="@android:style/Theme.Translucent" />
94-->[com.google.android.gms:play-services-ads-lite:24.0.0] AndroidManifest.xml:77:13-61
95
96        <provider
96-->[com.google.android.gms:play-services-ads-lite:24.0.0] AndroidManifest.xml:80:9-85:43
97            android:name="com.google.android.gms.ads.MobileAdsInitProvider"
97-->[com.google.android.gms:play-services-ads-lite:24.0.0] AndroidManifest.xml:81:13-76
98            android:authorities="com.argyads.demo.mobileadsinitprovider"
98-->[com.google.android.gms:play-services-ads-lite:24.0.0] AndroidManifest.xml:82:13-73
99            android:exported="false"
99-->[com.google.android.gms:play-services-ads-lite:24.0.0] AndroidManifest.xml:83:13-37
100            android:initOrder="100" />
100-->[com.google.android.gms:play-services-ads-lite:24.0.0] AndroidManifest.xml:84:13-36
101
102        <service
102-->[com.google.android.gms:play-services-ads-lite:24.0.0] AndroidManifest.xml:87:9-91:43
103            android:name="com.google.android.gms.ads.AdService"
103-->[com.google.android.gms:play-services-ads-lite:24.0.0] AndroidManifest.xml:88:13-64
104            android:enabled="true"
104-->[com.google.android.gms:play-services-ads-lite:24.0.0] AndroidManifest.xml:89:13-35
105            android:exported="false" />
105-->[com.google.android.gms:play-services-ads-lite:24.0.0] AndroidManifest.xml:90:13-37
106
107        <activity
107-->[com.google.android.gms:play-services-ads-lite:24.0.0] AndroidManifest.xml:93:9-97:43
108            android:name="com.google.android.gms.ads.OutOfContextTestingActivity"
108-->[com.google.android.gms:play-services-ads-lite:24.0.0] AndroidManifest.xml:94:13-82
109            android:configChanges="keyboard|keyboardHidden|orientation|screenLayout|uiMode|screenSize|smallestScreenSize"
109-->[com.google.android.gms:play-services-ads-lite:24.0.0] AndroidManifest.xml:95:13-122
110            android:exported="false" />
110-->[com.google.android.gms:play-services-ads-lite:24.0.0] AndroidManifest.xml:96:13-37
111        <activity
111-->[com.google.android.gms:play-services-ads-lite:24.0.0] AndroidManifest.xml:98:9-105:43
112            android:name="com.google.android.gms.ads.NotificationHandlerActivity"
112-->[com.google.android.gms:play-services-ads-lite:24.0.0] AndroidManifest.xml:99:13-82
113            android:excludeFromRecents="true"
113-->[com.google.android.gms:play-services-ads-lite:24.0.0] AndroidManifest.xml:100:13-46
114            android:exported="false"
114-->[com.google.android.gms:play-services-ads-lite:24.0.0] AndroidManifest.xml:101:13-37
115            android:launchMode="singleTask"
115-->[com.google.android.gms:play-services-ads-lite:24.0.0] AndroidManifest.xml:102:13-44
116            android:taskAffinity=""
116-->[com.google.android.gms:play-services-ads-lite:24.0.0] AndroidManifest.xml:103:13-36
117            android:theme="@android:style/Theme.Translucent.NoTitleBar" />
117-->[com.google.android.gms:play-services-ads-lite:24.0.0] AndroidManifest.xml:104:13-72
118
119        <meta-data
119-->[com.google.android.gms:play-services-ads-lite:24.0.0] AndroidManifest.xml:107:9-109:36
120            android:name="com.google.android.gms.ads.flag.OPTIMIZE_AD_LOADING"
120-->[com.google.android.gms:play-services-ads-lite:24.0.0] AndroidManifest.xml:108:13-79
121            android:value="true" />
121-->[com.google.android.gms:play-services-ads-lite:24.0.0] AndroidManifest.xml:109:13-33
122        <meta-data
122-->[com.google.android.gms:play-services-ads-lite:24.0.0] AndroidManifest.xml:110:9-112:36
123            android:name="com.google.android.gms.ads.flag.OPTIMIZE_INITIALIZATION"
123-->[com.google.android.gms:play-services-ads-lite:24.0.0] AndroidManifest.xml:111:13-83
124            android:value="true" />
124-->[com.google.android.gms:play-services-ads-lite:24.0.0] AndroidManifest.xml:112:13-33
125
126        <activity
126-->[com.google.android.gms:play-services-base:18.0.0] AndroidManifest.xml:20:9-22:45
127            android:name="com.google.android.gms.common.api.GoogleApiActivity"
127-->[com.google.android.gms:play-services-base:18.0.0] AndroidManifest.xml:20:19-85
128            android:exported="false"
128-->[com.google.android.gms:play-services-base:18.0.0] AndroidManifest.xml:22:19-43
129            android:theme="@android:style/Theme.Translucent.NoTitleBar" />
129-->[com.google.android.gms:play-services-base:18.0.0] AndroidManifest.xml:21:19-78
130
131        <meta-data
131-->[com.google.android.gms:play-services-basement:18.4.0] AndroidManifest.xml:6:9-122
132            android:name="com.google.android.gms.version"
132-->[com.google.android.gms:play-services-basement:18.4.0] AndroidManifest.xml:6:20-65
133            android:value="@integer/google_play_services_version" />
133-->[com.google.android.gms:play-services-basement:18.4.0] AndroidManifest.xml:6:66-119
134
135        <provider
135-->[androidx.emoji2:emoji2:1.3.0] AndroidManifest.xml:24:9-32:20
136            android:name="androidx.startup.InitializationProvider"
136-->[androidx.emoji2:emoji2:1.3.0] AndroidManifest.xml:25:13-67
137            android:authorities="com.argyads.demo.androidx-startup"
137-->[androidx.emoji2:emoji2:1.3.0] AndroidManifest.xml:26:13-68
138            android:exported="false" >
138-->[androidx.emoji2:emoji2:1.3.0] AndroidManifest.xml:27:13-37
139            <meta-data
139-->[androidx.emoji2:emoji2:1.3.0] AndroidManifest.xml:29:13-31:52
140                android:name="androidx.emoji2.text.EmojiCompatInitializer"
140-->[androidx.emoji2:emoji2:1.3.0] AndroidManifest.xml:30:17-75
141                android:value="androidx.startup" />
141-->[androidx.emoji2:emoji2:1.3.0] AndroidManifest.xml:31:17-49
142            <meta-data
142-->[androidx.work:work-runtime:2.7.0] AndroidManifest.xml:36:13-38:52
143                android:name="androidx.work.WorkManagerInitializer"
143-->[androidx.work:work-runtime:2.7.0] AndroidManifest.xml:37:17-68
144                android:value="androidx.startup" />
144-->[androidx.work:work-runtime:2.7.0] AndroidManifest.xml:38:17-49
145            <meta-data
145-->[androidx.lifecycle:lifecycle-process:2.8.7] AndroidManifest.xml:29:13-31:52
146                android:name="androidx.lifecycle.ProcessLifecycleInitializer"
146-->[androidx.lifecycle:lifecycle-process:2.8.7] AndroidManifest.xml:30:17-78
147                android:value="androidx.startup" />
147-->[androidx.lifecycle:lifecycle-process:2.8.7] AndroidManifest.xml:31:17-49
148            <meta-data
148-->[androidx.profileinstaller:profileinstaller:1.4.0] AndroidManifest.xml:29:13-31:52
149                android:name="androidx.profileinstaller.ProfileInstallerInitializer"
149-->[androidx.profileinstaller:profileinstaller:1.4.0] AndroidManifest.xml:30:17-85
150                android:value="androidx.startup" />
150-->[androidx.profileinstaller:profileinstaller:1.4.0] AndroidManifest.xml:31:17-49
151        </provider>
152
153        <service
153-->[androidx.work:work-runtime:2.7.0] AndroidManifest.xml:41:9-46:35
154            android:name="androidx.work.impl.background.systemalarm.SystemAlarmService"
154-->[androidx.work:work-runtime:2.7.0] AndroidManifest.xml:42:13-88
155            android:directBootAware="false"
155-->[androidx.work:work-runtime:2.7.0] AndroidManifest.xml:43:13-44
156            android:enabled="@bool/enable_system_alarm_service_default"
156-->[androidx.work:work-runtime:2.7.0] AndroidManifest.xml:44:13-72
157            android:exported="false" />
157-->[androidx.work:work-runtime:2.7.0] AndroidManifest.xml:45:13-37
158        <service
158-->[androidx.work:work-runtime:2.7.0] AndroidManifest.xml:47:9-53:35
159            android:name="androidx.work.impl.background.systemjob.SystemJobService"
159-->[androidx.work:work-runtime:2.7.0] AndroidManifest.xml:48:13-84
160            android:directBootAware="false"
160-->[androidx.work:work-runtime:2.7.0] AndroidManifest.xml:49:13-44
161            android:enabled="@bool/enable_system_job_service_default"
161-->[androidx.work:work-runtime:2.7.0] AndroidManifest.xml:50:13-70
162            android:exported="true"
162-->[androidx.work:work-runtime:2.7.0] AndroidManifest.xml:51:13-36
163            android:permission="android.permission.BIND_JOB_SERVICE" />
163-->[androidx.work:work-runtime:2.7.0] AndroidManifest.xml:52:13-69
164        <service
164-->[androidx.work:work-runtime:2.7.0] AndroidManifest.xml:54:9-59:35
165            android:name="androidx.work.impl.foreground.SystemForegroundService"
165-->[androidx.work:work-runtime:2.7.0] AndroidManifest.xml:55:13-81
166            android:directBootAware="false"
166-->[androidx.work:work-runtime:2.7.0] AndroidManifest.xml:56:13-44
167            android:enabled="@bool/enable_system_foreground_service_default"
167-->[androidx.work:work-runtime:2.7.0] AndroidManifest.xml:57:13-77
168            android:exported="false" />
168-->[androidx.work:work-runtime:2.7.0] AndroidManifest.xml:58:13-37
169
170        <receiver
170-->[androidx.work:work-runtime:2.7.0] AndroidManifest.xml:61:9-66:35
171            android:name="androidx.work.impl.utils.ForceStopRunnable$BroadcastReceiver"
171-->[androidx.work:work-runtime:2.7.0] AndroidManifest.xml:62:13-88
172            android:directBootAware="false"
172-->[androidx.work:work-runtime:2.7.0] AndroidManifest.xml:63:13-44
173            android:enabled="true"
173-->[androidx.work:work-runtime:2.7.0] AndroidManifest.xml:64:13-35
174            android:exported="false" />
174-->[androidx.work:work-runtime:2.7.0] AndroidManifest.xml:65:13-37
175        <receiver
175-->[androidx.work:work-runtime:2.7.0] AndroidManifest.xml:67:9-77:20
176            android:name="androidx.work.impl.background.systemalarm.ConstraintProxy$BatteryChargingProxy"
176-->[androidx.work:work-runtime:2.7.0] AndroidManifest.xml:68:13-106
177            android:directBootAware="false"
177-->[androidx.work:work-runtime:2.7.0] AndroidManifest.xml:69:13-44
178            android:enabled="false"
178-->[androidx.work:work-runtime:2.7.0] AndroidManifest.xml:70:13-36
179            android:exported="false" >
179-->[androidx.work:work-runtime:2.7.0] AndroidManifest.xml:71:13-37
180            <intent-filter>
180-->[androidx.work:work-runtime:2.7.0] AndroidManifest.xml:73:13-76:29
181                <action android:name="android.intent.action.ACTION_POWER_CONNECTED" />
181-->[androidx.work:work-runtime:2.7.0] AndroidManifest.xml:74:17-87
181-->[androidx.work:work-runtime:2.7.0] AndroidManifest.xml:74:25-84
182                <action android:name="android.intent.action.ACTION_POWER_DISCONNECTED" />
182-->[androidx.work:work-runtime:2.7.0] AndroidManifest.xml:75:17-90
182-->[androidx.work:work-runtime:2.7.0] AndroidManifest.xml:75:25-87
183            </intent-filter>
184        </receiver>
185        <receiver
185-->[androidx.work:work-runtime:2.7.0] AndroidManifest.xml:78:9-88:20
186            android:name="androidx.work.impl.background.systemalarm.ConstraintProxy$BatteryNotLowProxy"
186-->[androidx.work:work-runtime:2.7.0] AndroidManifest.xml:79:13-104
187            android:directBootAware="false"
187-->[androidx.work:work-runtime:2.7.0] AndroidManifest.xml:80:13-44
188            android:enabled="false"
188-->[androidx.work:work-runtime:2.7.0] AndroidManifest.xml:81:13-36
189            android:exported="false" >
189-->[androidx.work:work-runtime:2.7.0] AndroidManifest.xml:82:13-37
190            <intent-filter>
190-->[androidx.work:work-runtime:2.7.0] AndroidManifest.xml:84:13-87:29
191                <action android:name="android.intent.action.BATTERY_OKAY" />
191-->[androidx.work:work-runtime:2.7.0] AndroidManifest.xml:85:17-77
191-->[androidx.work:work-runtime:2.7.0] AndroidManifest.xml:85:25-74
192                <action android:name="android.intent.action.BATTERY_LOW" />
192-->[androidx.work:work-runtime:2.7.0] AndroidManifest.xml:86:17-76
192-->[androidx.work:work-runtime:2.7.0] AndroidManifest.xml:86:25-73
193            </intent-filter>
194        </receiver>
195        <receiver
195-->[androidx.work:work-runtime:2.7.0] AndroidManifest.xml:89:9-99:20
196            android:name="androidx.work.impl.background.systemalarm.ConstraintProxy$StorageNotLowProxy"
196-->[androidx.work:work-runtime:2.7.0] AndroidManifest.xml:90:13-104
197            android:directBootAware="false"
197-->[androidx.work:work-runtime:2.7.0] AndroidManifest.xml:91:13-44
198            android:enabled="false"
198-->[androidx.work:work-runtime:2.7.0] AndroidManifest.xml:92:13-36
199            android:exported="false" >
199-->[androidx.work:work-runtime:2.7.0] AndroidManifest.xml:93:13-37
200            <intent-filter>
200-->[androidx.work:work-runtime:2.7.0] AndroidManifest.xml:95:13-98:29
201                <action android:name="android.intent.action.DEVICE_STORAGE_LOW" />
201-->[androidx.work:work-runtime:2.7.0] AndroidManifest.xml:96:17-83
201-->[androidx.work:work-runtime:2.7.0] AndroidManifest.xml:96:25-80
202                <action android:name="android.intent.action.DEVICE_STORAGE_OK" />
202-->[androidx.work:work-runtime:2.7.0] AndroidManifest.xml:97:17-82
202-->[androidx.work:work-runtime:2.7.0] AndroidManifest.xml:97:25-79
203            </intent-filter>
204        </receiver>
205        <receiver
205-->[androidx.work:work-runtime:2.7.0] AndroidManifest.xml:100:9-109:20
206            android:name="androidx.work.impl.background.systemalarm.ConstraintProxy$NetworkStateProxy"
206-->[androidx.work:work-runtime:2.7.0] AndroidManifest.xml:101:13-103
207            android:directBootAware="false"
207-->[androidx.work:work-runtime:2.7.0] AndroidManifest.xml:102:13-44
208            android:enabled="false"
208-->[androidx.work:work-runtime:2.7.0] AndroidManifest.xml:103:13-36
209            android:exported="false" >
209-->[androidx.work:work-runtime:2.7.0] AndroidManifest.xml:104:13-37
210            <intent-filter>
210-->[androidx.work:work-runtime:2.7.0] AndroidManifest.xml:106:13-108:29
211                <action android:name="android.net.conn.CONNECTIVITY_CHANGE" />
211-->[androidx.work:work-runtime:2.7.0] AndroidManifest.xml:107:17-79
211-->[androidx.work:work-runtime:2.7.0] AndroidManifest.xml:107:25-76
212            </intent-filter>
213        </receiver>
214        <receiver
214-->[androidx.work:work-runtime:2.7.0] AndroidManifest.xml:110:9-121:20
215            android:name="androidx.work.impl.background.systemalarm.RescheduleReceiver"
215-->[androidx.work:work-runtime:2.7.0] AndroidManifest.xml:111:13-88
216            android:directBootAware="false"
216-->[androidx.work:work-runtime:2.7.0] AndroidManifest.xml:112:13-44
217            android:enabled="false"
217-->[androidx.work:work-runtime:2.7.0] AndroidManifest.xml:113:13-36
218            android:exported="false" >
218-->[androidx.work:work-runtime:2.7.0] AndroidManifest.xml:114:13-37
219            <intent-filter>
219-->[androidx.work:work-runtime:2.7.0] AndroidManifest.xml:116:13-120:29
220                <action android:name="android.intent.action.BOOT_COMPLETED" />
220-->[androidx.work:work-runtime:2.7.0] AndroidManifest.xml:117:17-79
220-->[androidx.work:work-runtime:2.7.0] AndroidManifest.xml:117:25-76
221                <action android:name="android.intent.action.TIME_SET" />
221-->[androidx.work:work-runtime:2.7.0] AndroidManifest.xml:118:17-73
221-->[androidx.work:work-runtime:2.7.0] AndroidManifest.xml:118:25-70
222                <action android:name="android.intent.action.TIMEZONE_CHANGED" />
222-->[androidx.work:work-runtime:2.7.0] AndroidManifest.xml:119:17-81
222-->[androidx.work:work-runtime:2.7.0] AndroidManifest.xml:119:25-78
223            </intent-filter>
224        </receiver>
225        <receiver
225-->[androidx.work:work-runtime:2.7.0] AndroidManifest.xml:122:9-131:20
226            android:name="androidx.work.impl.background.systemalarm.ConstraintProxyUpdateReceiver"
226-->[androidx.work:work-runtime:2.7.0] AndroidManifest.xml:123:13-99
227            android:directBootAware="false"
227-->[androidx.work:work-runtime:2.7.0] AndroidManifest.xml:124:13-44
228            android:enabled="@bool/enable_system_alarm_service_default"
228-->[androidx.work:work-runtime:2.7.0] AndroidManifest.xml:125:13-72
229            android:exported="false" >
229-->[androidx.work:work-runtime:2.7.0] AndroidManifest.xml:126:13-37
230            <intent-filter>
230-->[androidx.work:work-runtime:2.7.0] AndroidManifest.xml:128:13-130:29
231                <action android:name="androidx.work.impl.background.systemalarm.UpdateProxies" />
231-->[androidx.work:work-runtime:2.7.0] AndroidManifest.xml:129:17-98
231-->[androidx.work:work-runtime:2.7.0] AndroidManifest.xml:129:25-95
232            </intent-filter>
233        </receiver>
234        <receiver
234-->[androidx.work:work-runtime:2.7.0] AndroidManifest.xml:132:9-142:20
235            android:name="androidx.work.impl.diagnostics.DiagnosticsReceiver"
235-->[androidx.work:work-runtime:2.7.0] AndroidManifest.xml:133:13-78
236            android:directBootAware="false"
236-->[androidx.work:work-runtime:2.7.0] AndroidManifest.xml:134:13-44
237            android:enabled="true"
237-->[androidx.work:work-runtime:2.7.0] AndroidManifest.xml:135:13-35
238            android:exported="true"
238-->[androidx.work:work-runtime:2.7.0] AndroidManifest.xml:136:13-36
239            android:permission="android.permission.DUMP" >
239-->[androidx.work:work-runtime:2.7.0] AndroidManifest.xml:137:13-57
240            <intent-filter>
240-->[androidx.work:work-runtime:2.7.0] AndroidManifest.xml:139:13-141:29
241                <action android:name="androidx.work.diagnostics.REQUEST_DIAGNOSTICS" />
241-->[androidx.work:work-runtime:2.7.0] AndroidManifest.xml:140:17-88
241-->[androidx.work:work-runtime:2.7.0] AndroidManifest.xml:140:25-85
242            </intent-filter>
243        </receiver>
244
245        <uses-library
245-->[androidx.privacysandbox.ads:ads-adservices:1.0.0-beta05] AndroidManifest.xml:23:9-25:40
246            android:name="android.ext.adservices"
246-->[androidx.privacysandbox.ads:ads-adservices:1.0.0-beta05] AndroidManifest.xml:24:13-50
247            android:required="false" />
247-->[androidx.privacysandbox.ads:ads-adservices:1.0.0-beta05] AndroidManifest.xml:25:13-37
248
249        <receiver
249-->[androidx.profileinstaller:profileinstaller:1.4.0] AndroidManifest.xml:34:9-52:20
250            android:name="androidx.profileinstaller.ProfileInstallReceiver"
250-->[androidx.profileinstaller:profileinstaller:1.4.0] AndroidManifest.xml:35:13-76
251            android:directBootAware="false"
251-->[androidx.profileinstaller:profileinstaller:1.4.0] AndroidManifest.xml:36:13-44
252            android:enabled="true"
252-->[androidx.profileinstaller:profileinstaller:1.4.0] AndroidManifest.xml:37:13-35
253            android:exported="true"
253-->[androidx.profileinstaller:profileinstaller:1.4.0] AndroidManifest.xml:38:13-36
254            android:permission="android.permission.DUMP" >
254-->[androidx.profileinstaller:profileinstaller:1.4.0] AndroidManifest.xml:39:13-57
255            <intent-filter>
255-->[androidx.profileinstaller:profileinstaller:1.4.0] AndroidManifest.xml:40:13-42:29
256                <action android:name="androidx.profileinstaller.action.INSTALL_PROFILE" />
256-->[androidx.profileinstaller:profileinstaller:1.4.0] AndroidManifest.xml:41:17-91
256-->[androidx.profileinstaller:profileinstaller:1.4.0] AndroidManifest.xml:41:25-88
257            </intent-filter>
258            <intent-filter>
258-->[androidx.profileinstaller:profileinstaller:1.4.0] AndroidManifest.xml:43:13-45:29
259                <action android:name="androidx.profileinstaller.action.SKIP_FILE" />
259-->[androidx.profileinstaller:profileinstaller:1.4.0] AndroidManifest.xml:44:17-85
259-->[androidx.profileinstaller:profileinstaller:1.4.0] AndroidManifest.xml:44:25-82
260            </intent-filter>
261            <intent-filter>
261-->[androidx.profileinstaller:profileinstaller:1.4.0] AndroidManifest.xml:46:13-48:29
262                <action android:name="androidx.profileinstaller.action.SAVE_PROFILE" />
262-->[androidx.profileinstaller:profileinstaller:1.4.0] AndroidManifest.xml:47:17-88
262-->[androidx.profileinstaller:profileinstaller:1.4.0] AndroidManifest.xml:47:25-85
263            </intent-filter>
264            <intent-filter>
264-->[androidx.profileinstaller:profileinstaller:1.4.0] AndroidManifest.xml:49:13-51:29
265                <action android:name="androidx.profileinstaller.action.BENCHMARK_OPERATION" />
265-->[androidx.profileinstaller:profileinstaller:1.4.0] AndroidManifest.xml:50:17-95
265-->[androidx.profileinstaller:profileinstaller:1.4.0] AndroidManifest.xml:50:25-92
266            </intent-filter>
267        </receiver>
268
269        <service
269-->[androidx.room:room-runtime:2.2.5] AndroidManifest.xml:25:9-28:40
270            android:name="androidx.room.MultiInstanceInvalidationService"